npm warn Unknown user config "email". This will stop working in the next major version of npm.

> velocityai-frontend@1.0.0 test
> ng test --no-watch --code-coverage --browsers=ChromeHeadless

- Generating browser application bundles (phase: setup)...
âœ” Browser application bundle generation complete.
[32m20 02 2026 00:43:55.221:INFO [karma-server]: [39mKarma v6.4.4 server started at http://localhost:9876/
[32m20 02 2026 00:43:55.224:INFO [launcher]: [39mLaunching browsers ChromeHeadless with concurrency unlimited
[32m20 02 2026 00:43:55.229:INFO [launcher]: [39mStarting browser ChromeHeadless
[32m20 02 2026 00:43:56.587:INFO [Chrome Headless 144.0.0.0 (Windows 10)]: [39mConnected on socket UeKlclDfdMP0tct3AAAB with id 19087480
Chrome Headless 144.0.0.0 (Windows 10): Executed 0 of 97[32m SUCCESS[39m (0 secs / 0 secs)
[1A[2KChrome Headless 144.0.0.0 (Windows 10): Executed 1 of 97[32m SUCCESS[39m (0 secs / 0.086 secs)
[1A[2KChrome Headless 144.0.0.0 (Windows 10): Executed 2 of 97[32m SUCCESS[39m (0 secs / 0.092 secs)
[1A[2KChrome Headless 144.0.0.0 (Windows 10): Executed 3 of 97[32m SUCCESS[39m (0 secs / 0.096 secs)
[1A[2KChrome Headless 144.0.0.0 (Windows 10): Executed 4 of 97[32m SUCCESS[39m (0 secs / 0.101 secs)
[1A[2KChrome Headless 144.0.0.0 (Windows 10): Executed 5 of 97[32m SUCCESS[39m (0 secs / 0.107 secs)
[1A[2KChrome Headless 144.0.0.0 (Windows 10): Executed 6 of 97[32m SUCCESS[39m (0 secs / 0.112 secs)
[1A[2KChrome Headless 144.0.0.0 (Windows 10): Executed 7 of 97[32m SUCCESS[39m (0 secs / 0.117 secs)
[1A[2KChrome Headless 144.0.0.0 (Windows 10): Executed 8 of 97[32m SUCCESS[39m (0 secs / 0.121 secs)
[1A[2KChrome Headless 144.0.0.0 (Windows 10): Executed 9 of 97[32m SUCCESS[39m (0 secs / 0.127 secs)
[1A[2KChrome Headless 144.0.0.0 (Windows 10): Executed 10 of 97[32m SUCCESS[39m (0 secs / 0.133 secs)
[1A[2KChrome Headless 144.0.0.0 (Windows 10): Executed 11 of 97[32m SUCCESS[39m (0 secs / 0.137 secs)
[1A[2KChrome Headless 144.0.0.0 (Windows 10): Executed 12 of 97[32m SUCCESS[39m (0 secs / 0.145 secs)
[1A[2KChrome Headless 144.0.0.0 (Windows 10): Executed 13 of 97[32m SUCCESS[39m (0 secs / 0.148 secs)
[1A[2KERROR: [36m'API Error:', 'Name is required, Email is invalid', HttpErrorResponse{headers: HttpHeaders{headers: Map{}, normalizedNames: Map{}, lazyInit: undefined, lazyUpdate: null}, status: 400, statusText: 'Bad Request', url: '/api/test', ok: false, type: undefined, name: 'HttpErrorResponse', message: 'Http failure response for /api/test: 400 Bad Request', error: Object{success: false, data: null, errors: [..., ...]}}[39m
Chrome Headless 144.0.0.0 (Windows 10): Executed 13 of 97[32m SUCCESS[39m (0 secs / 0.148 secs)
ERROR: 'API Error:', 'Name is required, Email is invalid', HttpErrorResponse{headers: HttpHeaders{headers: Map{}, normalizedNames: Map{}, lazyInit: undefined, lazyUpdate: null}, status: 400, statusText: 'Bad Request', url: '/api/test', ok: false, type: undefined, name: 'HttpErrorResponse', message: 'Http failure response for /api/test: 400 Bad Request', error: Object{success: false, data: null, errors: [..., ...]}}
[1A[2KChrome Headless 144.0.0.0 (Windows 10): Executed 14 of 97[32m SUCCESS[39m (0 secs / 0.157 secs)
[1A[2KChrome Headless 144.0.0.0 (Windows 10): Executed 15 of 97[32m SUCCESS[39m (0 secs / 0.163 secs)
[1A[2KERROR: [36m'API Error:', 'Resource not found', Error: Resource not found
Error: Resource not found
    at ApiService.unwrapResponse (http://localhost:9876/_karma_webpack_/webpack:/src/app/core/services/api.service.ts:71:11)
    at call (http://localhost:9876/_karma_webpack_/webpack:/src/app/core/services/api.service.ts:23:30)
    at onNext (http://localhost:9876/_karma_webpack_/webpack:/node_modules/rxjs/dist/esm/internal/operators/map.js:7:37)
    at OperatorSubscriber._next (http://localhost:9876/_karma_webpack_/webpack:/node_modules/rxjs/dist/esm/internal/operators/OperatorSubscriber.js:13:21)
    at OperatorSubscriber.next (http://localhost:9876/_karma_webpack_/webpack:/node_modules/rxjs/dist/esm/internal/Subscriber.js:31:18)
    at onNext (http://localhost:9876/_karma_webpack_/webpack:/node_modules/rxjs/dist/esm/internal/operators/map.js:7:24)
    at OperatorSubscriber._next (http://localhost:9876/_karma_webpack_/webpack:/node_modules/rxjs/dist/esm/internal/operators/OperatorSubscriber.js:13:21)
    at OperatorSubscriber.next (http://localhost:9876/_karma_webpack_/webpack:/node_modules/rxjs/dist/esm/internal/Subscriber.js:31:18)
    at onNext (http://localhost:9876/_karma_webpack_/webpack:/node_modules/rxjs/dist/esm/internal/operators/filter.js:6:128)
    at OperatorSubscriber._next (http://localhost:9876/_karma_webpack_/webpack:/node_modules/rxjs/dist/esm/internal/operators/OperatorSubscriber.js:13:21)[39m
Chrome Headless 144.0.0.0 (Windows 10): Executed 15 of 97[32m SUCCESS[39m (0 secs / 0.163 secs)
ERROR: 'API Error:', 'Resource not found', Error: Resource not found
Error: Resource not found
    at ApiService.unwrapResponse (http://localhost:9876/_karma_webpack_/webpack:/src/app/core/services/api.service.ts:71:11)
    at call (http://localhost:9876/_karma_webpack_/webpack:/src/app/core/services/api.service.ts:23:30)
    at onNext (http://localhost:9876/_karma_webpack_/webpack:/node_modules/rxjs/dist/esm/internal/operators/map.js:7:37)
    at OperatorSubscriber._next (http://localhost:9876/_karma_webpack_/webpack:/node_modules/rxjs/dist/esm/internal/operators/OperatorSubscriber.js:13:21)
    at OperatorSubscriber.next (http://localhost:9876/_karma_webpack_/webpack:/node_modules/rxjs/dist/esm/internal/Subscriber.js:31:18)
    at onNext (http://localhost:9876/_karma_webpack_/webpack:/node_modules/rxjs/dist/esm/internal/operators/map.js:7:24)
    at OperatorSubscriber._next (http://localhost:9876/_karma_webpack_/webpack:/node_modules/rxjs/dist/esm/internal/operators/OperatorSubscriber.js:13:21)
    at OperatorSubscriber.next (http://localhost:9876/_karma_webpack_/webpack:/node_modules/rxjs/dist/esm/internal/Subscriber.js:31:18)
    at onNext (http://localhost:9876/_karma_webpack_/webpack:/node_modules/rxjs/dist/esm/internal/operators/filter.js:6:128)
    at OperatorSubscriber._next (http://localhost:9876/_karma_webpack_/webpack:/node_modules/rxjs/dist/esm/internal/operators/OperatorSubscriber.js:13:21)
[1A[2KChrome Headless 144.0.0.0 (Windows 10): Executed 16 of 97[32m SUCCESS[39m (0 secs / 0.172 secs)
[1A[2KERROR: [36m'API Error:', 'Server error: 500 Internal Server Error', HttpErrorResponse{headers: HttpHeaders{headers: Map{}, normalizedNames: Map{}, lazyInit: undefined, lazyUpdate: null}, status: 500, statusText: 'Internal Server Error', url: '/api/test', ok: false, type: undefined, name: 'HttpErrorResponse', message: 'Http failure response for /api/test: 500 Internal Server Error', error: ProgressEvent{isTrusted: false}}[39m
Chrome Headless 144.0.0.0 (Windows 10): Executed 16 of 97[32m SUCCESS[39m (0 secs / 0.172 secs)
ERROR: 'API Error:', 'Server error: 500 Internal Server Error', HttpErrorResponse{headers: HttpHeaders{headers: Map{}, normalizedNames: Map{}, lazyInit: undefined, lazyUpdate: null}, status: 500, statusText: 'Internal Server Error', url: '/api/test', ok: false, type: undefined, name: 'HttpErrorResponse', message: 'Http failure response for /api/test: 500 Internal Server Error', error: ProgressEvent{isTrusted: false}}
[1A[2KChrome Headless 144.0.0.0 (Windows 10): Executed 17 of 97[32m SUCCESS[39m (0 secs / 0.179 secs)
[1A[2KChrome Headless 144.0.0.0 (Windows 10): Executed 18 of 97[32m SUCCESS[39m (0 secs / 0.181 secs)
[1A[2K[31mChrome Headless 144.0.0.0 (Windows 10) AppComponent should have the 'frontend' title FAILED[39m
	NullInjectorError: R3InjectorError(Standalone[AppComponent])[ActivatedRoute -> ActivatedRoute -> ActivatedRoute]: 
	  NullInjectorError: No provider for ActivatedRoute!
	error properties: Object({ ngTempTokenPath: null, ngTokenPath: [ 'ActivatedRoute', 'ActivatedRoute', 'ActivatedRoute' ] })
	    at NullInjector.get (node_modules/@angular/core/fesm2022/core.mjs:1630:27)
	    at R3Injector.get (node_modules/@angular/core/fesm2022/core.mjs:2159:33)
	    at R3Injector.get (node_modules/@angular/core/fesm2022/core.mjs:2159:33)
	    at R3Injector.get (node_modules/@angular/core/fesm2022/core.mjs:2159:33)
	    at ChainedInjector.get (node_modules/@angular/core/fesm2022/core.mjs:17406:36)
	    at lookupTokenUsingModuleInjector (node_modules/@angular/core/fesm2022/core.mjs:5081:39)
	    at getOrCreateInjectable (node_modules/@angular/core/fesm2022/core.mjs:5129:12)
	    at Module.ÉµÉµdirectiveInject (node_modules/@angular/core/fesm2022/core.mjs:17457:19)
	    at NodeInjectorFactory.factory (node_modules/@angular/router/fesm2022/router_module-DTJgGWLd.mjs:357:97)
	    at getNodeInjectable (node_modules/@angular/core/fesm2022/core.mjs:5341:44)
Chrome Headless 144.0.0.0 (Windows 10): Executed 19 of 97[31m (1 FAILED)[39m (0 secs / 0.237 secs)
[1A[2K[31mChrome Headless 144.0.0.0 (Windows 10) AppComponent should create the app FAILED[39m
	NullInjectorError: R3InjectorError(Standalone[AppComponent])[ActivatedRoute -> ActivatedRoute -> ActivatedRoute]: 
	  NullInjectorError: No provider for ActivatedRoute!
	error properties: Object({ ngTempTokenPath: null, ngTokenPath: [ 'ActivatedRoute', 'ActivatedRoute', 'ActivatedRoute' ] })
	    at NullInjector.get (node_modules/@angular/core/fesm2022/core.mjs:1630:27)
	    at R3Injector.get (node_modules/@angular/core/fesm2022/core.mjs:2159:33)
	    at R3Injector.get (node_modules/@angular/core/fesm2022/core.mjs:2159:33)
	    at R3Injector.get (node_modules/@angular/core/fesm2022/core.mjs:2159:33)
	    at ChainedInjector.get (node_modules/@angular/core/fesm2022/core.mjs:17406:36)
	    at lookupTokenUsingModuleInjector (node_modules/@angular/core/fesm2022/core.mjs:5081:39)
	    at getOrCreateInjectable (node_modules/@angular/core/fesm2022/core.mjs:5129:12)
	    at Module.ÉµÉµdirectiveInject (node_modules/@angular/core/fesm2022/core.mjs:17457:19)
	    at NodeInjectorFactory.factory (node_modules/@angular/router/fesm2022/router_module-DTJgGWLd.mjs:357:97)
	    at getNodeInjectable (node_modules/@angular/core/fesm2022/core.mjs:5341:44)
Chrome Headless 144.0.0.0 (Windows 10): Executed 20 of 97[31m (2 FAILED)[39m (0 secs / 0.242 secs)
[1A[2K[31mChrome Headless 144.0.0.0 (Windows 10) AppComponent should render title FAILED[39m
	NullInjectorError: R3InjectorError(Standalone[AppComponent])[ActivatedRoute -> ActivatedRoute -> ActivatedRoute]: 
	  NullInjectorError: No provider for ActivatedRoute!
	error properties: Object({ ngTempTokenPath: null, ngTokenPath: [ 'ActivatedRoute', 'ActivatedRoute', 'ActivatedRoute' ] })
	    at NullInjector.get (node_modules/@angular/core/fesm2022/core.mjs:1630:27)
	    at R3Injector.get (node_modules/@angular/core/fesm2022/core.mjs:2159:33)
	    at R3Injector.get (node_modules/@angular/core/fesm2022/core.mjs:2159:33)
	    at R3Injector.get (node_modules/@angular/core/fesm2022/core.mjs:2159:33)
	    at ChainedInjector.get (node_modules/@angular/core/fesm2022/core.mjs:17406:36)
	    at lookupTokenUsingModuleInjector (node_modules/@angular/core/fesm2022/core.mjs:5081:39)
	    at getOrCreateInjectable (node_modules/@angular/core/fesm2022/core.mjs:5129:12)
	    at Module.ÉµÉµdirectiveInject (node_modules/@angular/core/fesm2022/core.mjs:17457:19)
	    at NodeInjectorFactory.factory (node_modules/@angular/router/fesm2022/router_module-DTJgGWLd.mjs:357:97)
	    at getNodeInjectable (node_modules/@angular/core/fesm2022/core.mjs:5341:44)
Chrome Headless 144.0.0.0 (Windows 10): Executed 21 of 97[31m (3 FAILED)[39m (0 secs / 0.247 secs)
[1A[2KChrome Headless 144.0.0.0 (Windows 10): Executed 22 of 97[31m (3 FAILED)[39m (0 secs / 0.266 secs)
[1A[2KChrome Headless 144.0.0.0 (Windows 10): Executed 23 of 97[31m (3 FAILED)[39m (0 secs / 0.27 secs)
[1A[2KChrome Headless 144.0.0.0 (Windows 10): Executed 24 of 97[31m (3 FAILED)[39m (0 secs / 0.277 secs)
[1A[2KChrome Headless 144.0.0.0 (Windows 10): Executed 25 of 97[31m (3 FAILED)[39m (0 secs / 0.283 secs)
[1A[2KChrome Headless 144.0.0.0 (Windows 10): Executed 26 of 97[31m (3 FAILED)[39m (0 secs / 0.287 secs)
[1A[2KChrome Headless 144.0.0.0 (Windows 10): Executed 27 of 97[31m (3 FAILED)[39m (0 secs / 0.293 secs)
[1A[2KChrome Headless 144.0.0.0 (Windows 10): Executed 28 of 97[31m (3 FAILED)[39m (0 secs / 0.297 secs)
[1A[2KChrome Headless 144.0.0.0 (Windows 10): Executed 29 of 97[31m (3 FAILED)[39m (0 secs / 0.301 secs)
[1A[2KChrome Headless 144.0.0.0 (Windows 10): Executed 30 of 97[31m (3 FAILED)[39m (0 secs / 0.304 secs)
[1A[2KChrome Headless 144.0.0.0 (Windows 10): Executed 31 of 97[31m (3 FAILED)[39m (0 secs / 0.307 secs)
[1A[2KChrome Headless 144.0.0.0 (Windows 10): Executed 32 of 97[31m (3 FAILED)[39m (0 secs / 0.31 secs)
[1A[2KChrome Headless 144.0.0.0 (Windows 10): Executed 33 of 97[31m (3 FAILED)[39m (0 secs / 0.313 secs)
[1A[2KChrome Headless 144.0.0.0 (Windows 10): Executed 34 of 97[31m (3 FAILED)[39m (0 secs / 0.317 secs)
[1A[2KChrome Headless 144.0.0.0 (Windows 10): Executed 35 of 97[31m (3 FAILED)[39m (0 secs / 0.318 secs)
[1A[2KChrome Headless 144.0.0.0 (Windows 10): Executed 36 of 97[31m (3 FAILED)[39m (0 secs / 0.319 secs)
[1A[2KChrome Headless 144.0.0.0 (Windows 10): Executed 37 of 97[31m (3 FAILED)[39m (0 secs / 0.321 secs)
[1A[2KChrome Headless 144.0.0.0 (Windows 10): Executed 38 of 97[31m (3 FAILED)[39m (0 secs / 0.322 secs)
[1A[2KChrome Headless 144.0.0.0 (Windows 10): Executed 39 of 97[31m (3 FAILED)[39m (0 secs / 0.324 secs)
[1A[2KChrome Headless 144.0.0.0 (Windows 10): Executed 40 of 97[31m (3 FAILED)[39m (0 secs / 0.325 secs)
[1A[2KChrome Headless 144.0.0.0 (Windows 10): Executed 41 of 97[31m (3 FAILED)[39m (0 secs / 0.334 secs)
[1A[2KChrome Headless 144.0.0.0 (Windows 10): Executed 42 of 97[31m (3 FAILED)[39m (0 secs / 0.338 secs)
[1A[2KChrome Headless 144.0.0.0 (Windows 10): Executed 43 of 97[31m (3 FAILED)[39m (0 secs / 0.344 secs)
[1A[2KChrome Headless 144.0.0.0 (Windows 10): Executed 44 of 97[31m (3 FAILED)[39m (0 secs / 0.35 secs)
[1A[2KChrome Headless 144.0.0.0 (Windows 10): Executed 45 of 97[31m (3 FAILED)[39m (0 secs / 0.36 secs)
[1A[2KChrome Headless 144.0.0.0 (Windows 10): Executed 46 of 97[31m (3 FAILED)[39m (0 secs / 0.378 secs)
[1A[2KChrome Headless 144.0.0.0 (Windows 10): Executed 47 of 97[31m (3 FAILED)[39m (0 secs / 0.386 secs)
[1A[2KChrome Headless 144.0.0.0 (Windows 10): Executed 48 of 97[31m (3 FAILED)[39m (0 secs / 0.393 secs)
[1A[2KChrome Headless 144.0.0.0 (Windows 10): Executed 49 of 97[31m (3 FAILED)[39m (0 secs / 0.4 secs)
[1A[2KChrome Headless 144.0.0.0 (Windows 10): Executed 50 of 97[31m (3 FAILED)[39m (0 secs / 0.404 secs)
[1A[2KChrome Headless 144.0.0.0 (Windows 10): Executed 51 of 97[31m (3 FAILED)[39m (0 secs / 0.409 secs)
[1A[2KChrome Headless 144.0.0.0 (Windows 10): Executed 52 of 97[31m (3 FAILED)[39m (0 secs / 0.417 secs)
[1A[2KChrome Headless 144.0.0.0 (Windows 10): Executed 53 of 97[31m (3 FAILED)[39m (0 secs / 0.421 secs)
[1A[2KChrome Headless 144.0.0.0 (Windows 10): Executed 54 of 97[31m (3 FAILED)[39m (0 secs / 0.427 secs)
[1A[2KChrome Headless 144.0.0.0 (Windows 10): Executed 55 of 97[31m (3 FAILED)[39m (0 secs / 0.437 secs)
[1A[2KChrome Headless 144.0.0.0 (Windows 10): Executed 56 of 97[31m (3 FAILED)[39m (0 secs / 0.442 secs)
[1A[2KChrome Headless 144.0.0.0 (Windows 10): Executed 57 of 97[31m (3 FAILED)[39m (0 secs / 0.452 secs)
[1A[2KChrome Headless 144.0.0.0 (Windows 10): Executed 58 of 97[31m (3 FAILED)[39m (0 secs / 0.456 secs)
[1A[2KChrome Headless 144.0.0.0 (Windows 10): Executed 59 of 97[31m (3 FAILED)[39m (0 secs / 0.461 secs)
[1A[2KChrome Headless 144.0.0.0 (Windows 10): Executed 60 of 97[31m (3 FAILED)[39m (0 secs / 0.465 secs)
[1A[2KChrome Headless 144.0.0.0 (Windows 10): Executed 61 of 97[31m (3 FAILED)[39m (0 secs / 0.469 secs)
[1A[2KChrome Headless 144.0.0.0 (Windows 10): Executed 62 of 97[31m (3 FAILED)[39m (0 secs / 0.476 secs)
[1A[2KChrome Headless 144.0.0.0 (Windows 10): Executed 63 of 97[31m (3 FAILED)[39m (0 secs / 0.479 secs)
[1A[2KChrome Headless 144.0.0.0 (Windows 10): Executed 64 of 97[31m (3 FAILED)[39m (0 secs / 0.485 secs)
[1A[2KChrome Headless 144.0.0.0 (Windows 10): Executed 65 of 97[31m (3 FAILED)[39m (0 secs / 0.488 secs)
[1A[2KChrome Headless 144.0.0.0 (Windows 10): Executed 66 of 97[31m (3 FAILED)[39m (0 secs / 0.494 secs)
[1A[2KChrome Headless 144.0.0.0 (Windows 10): Executed 67 of 97[31m (3 FAILED)[39m (0 secs / 0.504 secs)
[1A[2KChrome Headless 144.0.0.0 (Windows 10): Executed 68 of 97[31m (3 FAILED)[39m (0 secs / 0.509 secs)
[1A[2KChrome Headless 144.0.0.0 (Windows 10): Executed 69 of 97[31m (3 FAILED)[39m (0 secs / 0.514 secs)
[1A[2KChrome Headless 144.0.0.0 (Windows 10): Executed 70 of 97[31m (3 FAILED)[39m (0 secs / 0.523 secs)
[1A[2KChrome Headless 144.0.0.0 (Windows 10): Executed 71 of 97[31m (3 FAILED)[39m (0 secs / 0.525 secs)
[1A[2KChrome Headless 144.0.0.0 (Windows 10): Executed 72 of 97[31m (3 FAILED)[39m (0 secs / 0.527 secs)
[1A[2KChrome Headless 144.0.0.0 (Windows 10): Executed 73 of 97[31m (3 FAILED)[39m (0 secs / 0.529 secs)
[1A[2KChrome Headless 144.0.0.0 (Windows 10): Executed 74 of 97[31m (3 FAILED)[39m (0 secs / 0.53 secs)
[1A[2KChrome Headless 144.0.0.0 (Windows 10): Executed 75 of 97[31m (3 FAILED)[39m (0 secs / 0.564 secs)
[1A[2KChrome Headless 144.0.0.0 (Windows 10): Executed 76 of 97[31m (3 FAILED)[39m (0 secs / 0.58 secs)
[1A[2KChrome Headless 144.0.0.0 (Windows 10): Executed 77 of 97[31m (3 FAILED)[39m (0 secs / 0.592 secs)
[1A[2KChrome Headless 144.0.0.0 (Windows 10): Executed 78 of 97[31m (3 FAILED)[39m (0 secs / 0.605 secs)
[1A[2KChrome Headless 144.0.0.0 (Windows 10): Executed 79 of 97[31m (3 FAILED)[39m (0 secs / 0.614 secs)
[1A[2KChrome Headless 144.0.0.0 (Windows 10): Executed 80 of 97[31m (3 FAILED)[39m (0 secs / 0.622 secs)
[1A[2KChrome Headless 144.0.0.0 (Windows 10): Executed 81 of 97[31m (3 FAILED)[39m (0 secs / 0.63 secs)
[1A[2KChrome Headless 144.0.0.0 (Windows 10): Executed 82 of 97[31m (3 FAILED)[39m (0 secs / 0.643 secs)
[1A[2KChrome Headless 144.0.0.0 (Windows 10): Executed 83 of 97[31m (3 FAILED)[39m (0 secs / 0.653 secs)
[1A[2KChrome Headless 144.0.0.0 (Windows 10): Executed 84 of 97[31m (3 FAILED)[39m (0 secs / 0.663 secs)
[1A[2KChrome Headless 144.0.0.0 (Windows 10): Executed 85 of 97[31m (3 FAILED)[39m (0 secs / 0.673 secs)
[1A[2KChrome Headless 144.0.0.0 (Windows 10): Executed 86 of 97[31m (3 FAILED)[39m (0 secs / 0.681 secs)
[1A[2KChrome Headless 144.0.0.0 (Windows 10): Executed 87 of 97[31m (3 FAILED)[39m (0 secs / 0.688 secs)
[1A[2KChrome Headless 144.0.0.0 (Windows 10): Executed 88 of 97[31m (3 FAILED)[39m (0 secs / 0.702 secs)
[1A[2KChrome Headless 144.0.0.0 (Windows 10): Executed 89 of 97[31m (3 FAILED)[39m (0 secs / 0.71 secs)
[1A[2KChrome Headless 144.0.0.0 (Windows 10): Executed 90 of 97[31m (3 FAILED)[39m (0 secs / 0.827 secs)
[1A[2KChrome Headless 144.0.0.0 (Windows 10): Executed 91 of 97[31m (3 FAILED)[39m (0 secs / 0.942 secs)
[1A[2KChrome Headless 144.0.0.0 (Windows 10): Executed 92 of 97[31m (3 FAILED)[39m (0 secs / 1.056 secs)
[1A[2KChrome Headless 144.0.0.0 (Windows 10): Executed 93 of 97[31m (3 FAILED)[39m (0 secs / 1.176 secs)
[1A[2KChrome Headless 144.0.0.0 (Windows 10): Executed 94 of 97[31m (3 FAILED)[39m (0 secs / 1.184 secs)
[1A[2KChrome Headless 144.0.0.0 (Windows 10): Executed 95 of 97[31m (3 FAILED)[39m (0 secs / 1.19 secs)
[1A[2KChrome Headless 144.0.0.0 (Windows 10): Executed 96 of 97[31m (3 FAILED)[39m (0 secs / 1.195 secs)
[1A[2KChrome Headless 144.0.0.0 (Windows 10): Executed 97 of 97[31m (3 FAILED)[39m (0 secs / 1.205 secs)
[1A[2KChrome Headless 144.0.0.0 (Windows 10): Executed 97 of 97[31m (3 FAILED)[39m (1.332 secs / 1.205 secs)
[31mTOTAL: 3 FAILED, 94 SUCCESS[39m
âœ” Browser application bundle generation complete.

=============================== Coverage summary ===============================
Statements   : 94.64% ( 106/112 )
Branches     : 85.29% ( 29/34 )
Functions    : 94.59% ( 35/37 )
Lines        : 94.49% ( 103/109 )
================================================================================
âœ” Browser application bundle generation complete.
